c:\users\umair\documents\visual studio 2013\projects\project4\project4\debug\vc120.pdb
c:\users\umair\documents\visual studio 2013\projects\project4\project4\debug\wardfunction.obj
c:\users\umair\documents\visual studio 2013\projects\project4\project4\debug\myform.obj
c:\users\umair\documents\visual studio 2013\projects\project4\project4\debug\patientfunctions.obj
c:\users\umair\documents\visual studio 2013\projects\project4\project4\debug\.netframework,version=v4.5.assemblyattributes.obj
c:\users\umair\documents\visual studio 2013\projects\project4\project4\debug\doctorfunctions.obj
c:\users\umair\documents\visual studio 2013\projects\project4\project4\debug\departmentfunction.obj
c:\users\umair\documents\visual studio 2013\projects\project4\project4\debug\myform1.obj
c:\users\umair\documents\visual studio 2013\projects\project4\project4\debug\myform2.obj
c:\users\umair\documents\visual studio 2013\projects\project4\project4\debug\myform3.obj
c:\users\umair\documents\visual studio 2013\projects\project4\project4\debug\deletedocadddocfunctio.obj
c:\users\umair\documents\visual studio 2013\projects\project4\debug\project4.exe
c:\users\umair\documents\visual studio 2013\projects\project4\debug\project4.pdb
c:\users\umair\documents\visual studio 2013\projects\project4\project4\debug\project4.myform.resources
c:\users\umair\documents\visual studio 2013\projects\project4\project4\debug\project4.myform1.resources
c:\users\umair\documents\visual studio 2013\projects\project4\project4\debug\project4.myform2.resources
c:\users\umair\documents\visual studio 2013\projects\project4\project4\debug\project4.myform3.resources
c:\users\umair\documents\visual studio 2013\projects\project4\project4\debug\project4.myform.sq.resources
c:\users\umair\documents\visual studio 2013\projects\project4\debug\sq\project4.resources.dll
c:\users\umair\documents\visual studio 2013\projects\project4\project4\debug\project4.vcxproj.generateresource.cache
c:\users\umair\documents\visual studio 2013\projects\project4\project4\debug\project4.vcxprojresolveassemblyreference.cache
c:\users\umair\documents\visual studio 2013\projects\project4\project4\debug\project4.tlog\cl.command.1.tlog
c:\users\umair\documents\visual studio 2013\projects\project4\project4\debug\project4.tlog\cl.read.1.tlog
c:\users\umair\documents\visual studio 2013\projects\project4\project4\debug\project4.tlog\cl.write.1.tlog
c:\users\umair\documents\visual studio 2013\projects\project4\project4\debug\project4.tlog\link.command.1.tlog
c:\users\umair\documents\visual studio 2013\projects\project4\project4\debug\project4.tlog\link.read.1.tlog
c:\users\umair\documents\visual studio 2013\projects\project4\project4\debug\project4.tlog\link.write.1.tlog
c:\users\umair\documents\visual studio 2013\projects\project4\project4\debug\project4.tlog\metagen.read.1.tlog
c:\users\umair\documents\visual studio 2013\projects\project4\project4\debug\project4.tlog\metagen.write.1.tlog
c:\users\umair\documents\visual studio 2013\projects\project4\project4\debug\project4.tlog\project4.write.1u.tlog
c:\users\umair\documents\visual studio 2013\projects\project4\project4\debug\project4.tlog\tzres.dll.bi
